2025-03-28 13:41:28 - Starting consolidated version increment script...
2025-03-28 13:41:28 - Processing project: C:\dev\2025development\CoreLibrary\CoreLibrary.csproj
2025-03-28 13:41:28 - Backup created at: C:\dev\2025development\CoreLibrary\CoreLibrary.csproj.bak
2025-03-28 13:41:28 - Extracted version: '1.0.48'
2025-03-28 13:41:28 - Updated version to: 1.0.49 in C:\dev\2025development\CoreLibrary\CoreLibrary.csproj
2025-03-28 13:41:28 - Processing project: C:\dev\2025development\CoreComponents\CoreComponents.csproj
2025-03-28 13:41:28 - Backup created at: C:\dev\2025development\CoreComponents\CoreComponents.csproj.bak
2025-03-28 13:41:28 - Extracted version: '1.0.1'
2025-03-28 13:41:28 - Setting version to: 1.0.49 (from baseVersion parameter)
2025-03-28 13:41:28 - Updated version to: 1.0.49 in C:\dev\2025development\CoreComponents\CoreComponents.csproj
2025-03-28 13:41:28 - Consolidated script execution completed.
2025-03-28 13:41:32 - Starting consolidated version increment script...
2025-03-28 13:41:32 - Processing project: C:\dev\2025development\CoreLibrary\CoreLibrary.csproj
2025-03-28 13:41:32 - Backup created at: C:\dev\2025development\CoreLibrary\CoreLibrary.csproj.bak
2025-03-28 13:41:32 - Extracted version: '1.0.49'
2025-03-28 13:41:32 - Updated version to: 1.0.50 in C:\dev\2025development\CoreLibrary\CoreLibrary.csproj
2025-03-28 13:41:32 - Processing project: C:\dev\2025development\CoreComponents\CoreComponents.csproj
2025-03-28 13:41:32 - Backup created at: C:\dev\2025development\CoreComponents\CoreComponents.csproj.bak
2025-03-28 13:41:32 - Extracted version: '1.0.49'
2025-03-28 13:41:32 - Setting version to: 1.0.50 (from baseVersion parameter)
2025-03-28 13:41:32 - Updated version to: 1.0.50 in C:\dev\2025development\CoreComponents\CoreComponents.csproj
2025-03-28 13:41:32 - Consolidated script execution completed.
2025-03-28 13:42:33 - Starting consolidated version increment script...
2025-03-28 13:42:33 - Processing project: C:\dev\2025development\CoreLibrary\CoreLibrary.csproj
2025-03-28 13:42:33 - Backup created at: C:\dev\2025development\CoreLibrary\CoreLibrary.csproj.bak
2025-03-28 13:42:33 - Extracted version: '1.0.0'
2025-03-28 13:42:33 - Updated version to: 1.0.1 in C:\dev\2025development\CoreLibrary\CoreLibrary.csproj
2025-03-28 13:42:33 - Processing project: C:\dev\2025development\CoreComponents\CoreComponents.csproj
2025-03-28 13:42:33 - Backup created at: C:\dev\2025development\CoreComponents\CoreComponents.csproj.bak
2025-03-28 13:42:33 - Extracted version: '1.0.0'
2025-03-28 13:42:33 - Setting version to: 1.0.1 (from baseVersion parameter)
2025-03-28 13:42:33 - Updated version to: 1.0.1 in C:\dev\2025development\CoreComponents\CoreComponents.csproj
2025-03-28 13:42:33 - Consolidated script execution completed.
2025-03-28 13:42:35 - Starting consolidated version increment script...
2025-03-28 13:42:35 - Processing project: C:\dev\2025development\CoreLibrary\CoreLibrary.csproj
2025-03-28 13:42:35 - Backup created at: C:\dev\2025development\CoreLibrary\CoreLibrary.csproj.bak
2025-03-28 13:42:35 - Extracted version: '1.0.1'
2025-03-28 13:42:35 - Updated version to: 1.0.2 in C:\dev\2025development\CoreLibrary\CoreLibrary.csproj
2025-03-28 13:42:35 - Processing project: C:\dev\2025development\CoreComponents\CoreComponents.csproj
2025-03-28 13:42:35 - Backup created at: C:\dev\2025development\CoreComponents\CoreComponents.csproj.bak
2025-03-28 13:42:35 - Extracted version: '1.0.1'
2025-03-28 13:42:35 - Setting version to: 1.0.2 (from baseVersion parameter)
2025-03-28 13:42:35 - Updated version to: 1.0.2 in C:\dev\2025development\CoreComponents\CoreComponents.csproj
2025-03-28 13:42:35 - Consolidated script execution completed.
2025-03-28 13:42:47 - Starting consolidated version increment script...
2025-03-28 13:42:47 - Processing project: C:\dev\2025development\CoreLibrary\CoreLibrary.csproj
2025-03-28 13:42:47 - Backup created at: C:\dev\2025development\CoreLibrary\CoreLibrary.csproj.bak
2025-03-28 13:42:47 - Extracted version: '1.0.2'
2025-03-28 13:42:47 - Updated version to: 1.0.3 in C:\dev\2025development\CoreLibrary\CoreLibrary.csproj
2025-03-28 13:42:47 - Processing project: C:\dev\2025development\CoreComponents\CoreComponents.csproj
2025-03-28 13:42:47 - Backup created at: C:\dev\2025development\CoreComponents\CoreComponents.csproj.bak
2025-03-28 13:42:47 - Extracted version: '1.0.2'
2025-03-28 13:42:47 - Setting version to: 1.0.3 (from baseVersion parameter)
2025-03-28 13:42:47 - Updated version to: 1.0.3 in C:\dev\2025development\CoreComponents\CoreComponents.csproj
2025-03-28 13:42:47 - Consolidated script execution completed.
2025-03-28 13:42:48 - Starting consolidated version increment script...
2025-03-28 13:42:48 - Processing project: C:\dev\2025development\CoreLibrary\CoreLibrary.csproj
2025-03-28 13:42:48 - Backup created at: C:\dev\2025development\CoreLibrary\CoreLibrary.csproj.bak
2025-03-28 13:42:48 - Extracted version: '1.0.3'
2025-03-28 13:42:48 - Updated version to: 1.0.4 in C:\dev\2025development\CoreLibrary\CoreLibrary.csproj
2025-03-28 13:42:48 - Processing project: C:\dev\2025development\CoreComponents\CoreComponents.csproj
2025-03-28 13:42:48 - Backup created at: C:\dev\2025development\CoreComponents\CoreComponents.csproj.bak
2025-03-28 13:42:48 - Extracted version: '1.0.3'
2025-03-28 13:42:48 - Setting version to: 1.0.4 (from baseVersion parameter)
2025-03-28 13:42:48 - Updated version to: 1.0.4 in C:\dev\2025development\CoreComponents\CoreComponents.csproj
2025-03-28 13:42:48 - Consolidated script execution completed.
